<?xml version="1.0" encoding="UTF-8"?>
<testsuite xmlns:xsi="http://www.w3.org/2001/XMLSchema-instance" xsi:noNamespaceSchemaLocation="https://maven.apache.org/surefire/maven-surefire-plugin/xsd/surefire-test-report.xsd" version="3.0.2" name="com.parkit.parkingsystem.FareCalculatorServiceTest" time="0.028" tests="8" errors="0" skipped="0" failures="0">
  <properties>
[...]
</properties>
  <testcase name="calculateFareBikeWithDiscount" classname="calculateFareBikeWithDiscount()" time="0.007"/>
  <testcase name="calculateFareBikeWithLessThan30minutesParkingTime" classname="calculateFareBikeWithLessThan30minutesParkingTime()" time="0.001"/>
  <testcase name="calculateFareCarWithDiscount" classname="calculateFareCarWithDiscount()" time="0.0"/>
  <testcase name="calculateFareCar" classname="calculateFareCar()" time="0.001"/>
  <testcase name="calculateFareBike" classname="calculateFareBike()" time="0.0"/>
  <testcase name="calculateFareUnknownType" classname="calculateFareUnknownType()" time="0.001"/>
  <testcase name="calculateFareCarWithLessThan30minutesParkingTime" classname="calculateFareCarWithLessThan30minutesParkingTime()" time="0.0"/>
  <testcase name="calculateFareBikeWithFutureInTime" classname="calculateFareBikeWithFutureInTime()" time="0.011"/>
</testsuite>