<?xml version="1.0" encoding="UTF-8"?>
<testsuite xmlns:xsi="http://www.w3.org/2001/XMLSchema-instance" xsi:noNamespaceSchemaLocation="https://maven.apache.org/surefire/maven-failsafe-plugin/xsd/failsafe-test-report.xsd" version="3.0.2" name="com.parkit.parkingsystem.integration.ParkingDataBaseIT" time="1.201" tests="3" errors="0" skipped="0" failures="0">
  <properties>
[...]
</properties>
  <testcase name="testParkingLotExitRecurringUser" classname="testParkingLotExitRecurringUser()" time="0.698">
    <system-out><![CDATA[2025-11-10 11:20:35 INFO  DataBaseConfig:36 - Fichier .env chargé avec 4 variables
2025-11-10 11:20:35 INFO  DataBaseConfig:36 - Fichier .env chargé avec 4 variables
2025-11-10 11:20:35 INFO  DataBaseTestConfig:19 - Create DB connection
2025-11-10 11:20:35 INFO  DataBaseTestConfig:31 - Closing DB connection
Please select vehicle type from menu
1 CAR
2 BIKE
2025-11-10 11:20:35 INFO  DataBaseTestConfig:19 - Create DB connection
2025-11-10 11:20:35 INFO  DataBaseTestConfig:53 - Closing Result Set
2025-11-10 11:20:35 INFO  DataBaseTestConfig:42 - Closing Prepared Statement
2025-11-10 11:20:35 INFO  DataBaseTestConfig:31 - Closing DB connection
Please type the vehicle registration number and press enter key
2025-11-10 11:20:35 INFO  DataBaseTestConfig:19 - Create DB connection
2025-11-10 11:20:35 INFO  DataBaseTestConfig:42 - Closing Prepared Statement
2025-11-10 11:20:35 INFO  DataBaseTestConfig:31 - Closing DB connection
2025-11-10 11:20:35 INFO  DataBaseTestConfig:19 - Create DB connection
2025-11-10 11:20:35 INFO  DataBaseTestConfig:31 - Closing DB connection
2025-11-10 11:20:35 INFO  DataBaseTestConfig:19 - Create DB connection
2025-11-10 11:20:35 INFO  DataBaseTestConfig:31 - Closing DB connection
Generated Ticket and saved in DB
Please park your vehicle in spot number:1
Recorded in-time for vehicle number:ABCDEF is:Mon Nov 10 11:20:35 CET 2025
Please type the vehicle registration number and press enter key
2025-11-10 11:20:35 INFO  DataBaseTestConfig:19 - Create DB connection
2025-11-10 11:20:35 INFO  DataBaseTestConfig:53 - Closing Result Set
2025-11-10 11:20:35 INFO  DataBaseTestConfig:42 - Closing Prepared Statement
2025-11-10 11:20:35 INFO  DataBaseTestConfig:31 - Closing DB connection
2025-11-10 11:20:35 INFO  DataBaseTestConfig:19 - Create DB connection
2025-11-10 11:20:35 INFO  DataBaseTestConfig:31 - Closing DB connection
2025-11-10 11:20:35 ERROR ParkingService:124 - Unable to process exiting vehicle
java.lang.IllegalArgumentException: Out time provided is incorrect:Mon Nov 10 11:20:35 CET 2025
	at com.parkit.parkingsystem.service.FareCalculatorService.calculateFare(FareCalculatorService.java:10) ~[parking-system-1.0-SNAPSHOT.jar:?]
	at com.parkit.parkingsystem.service.ParkingService.processExitingVehicle(ParkingService.java:112) ~[parking-system-1.0-SNAPSHOT.jar:?]
	at com.parkit.parkingsystem.integration.ParkingDataBaseIT.testParkingLotExitRecurringUser(ParkingDataBaseIT.java:101) ~[test-classes/:?]
	at jdk.internal.reflect.DirectMethodHandleAccessor.invoke(DirectMethodHandleAccessor.java:103) ~[?:?]
	at java.lang.reflect.Method.invoke(Method.java:580) ~[?:?]
	at org.junit.platform.commons.util.ReflectionUtils.invokeMethod(ReflectionUtils.java:532) ~[junit-platform-commons-1.3.2.jar:1.3.2]
	at org.junit.jupiter.engine.execution.ExecutableInvoker.invoke(ExecutableInvoker.java:115) ~[junit-jupiter-engine-5.3.2.jar:5.3.2]
	at org.junit.jupiter.engine.descriptor.TestMethodTestDescriptor.lambda$invokeTestMethod$6(TestMethodTestDescriptor.java:171) ~[junit-jupiter-engine-5.3.2.jar:5.3.2]
	at org.junit.platform.engine.support.hierarchical.ThrowableCollector.execute(ThrowableCollector.java:72) ~[junit-platform-engine-1.3.2.jar:1.3.2]
	at org.junit.jupiter.engine.descriptor.TestMethodTestDescriptor.invokeTestMethod(TestMethodTestDescriptor.java:167) ~[junit-jupiter-engine-5.3.2.jar:5.3.2]
	at org.junit.jupiter.engine.descriptor.TestMethodTestDescriptor.execute(TestMethodTestDescriptor.java:114) ~[junit-jupiter-engine-5.3.2.jar:5.3.2]
	at org.junit.jupiter.engine.descriptor.TestMethodTestDescriptor.execute(TestMethodTestDescriptor.java:59) ~[junit-jupiter-engine-5.3.2.jar:5.3.2]
	at org.junit.platform.engine.support.hierarchical.NodeTestTask.lambda$executeRecursively$4(NodeTestTask.java:108) ~[junit-platform-engine-1.3.2.jar:1.3.2]
	at org.junit.platform.engine.support.hierarchical.ThrowableCollector.execute(ThrowableCollector.java:72) ~[junit-platform-engine-1.3.2.jar:1.3.2]
	at org.junit.platform.engine.support.hierarchical.NodeTestTask.executeRecursively(NodeTestTask.java:98) ~[junit-platform-engine-1.3.2.jar:1.3.2]
	at org.junit.platform.engine.support.hierarchical.NodeTestTask.execute(NodeTestTask.java:74) ~[junit-platform-engine-1.3.2.jar:1.3.2]
	at java.util.ArrayList.forEach(ArrayList.java:1596) ~[?:?]
	at org.junit.platform.engine.support.hierarchical.SameThreadHierarchicalTestExecutorService.invokeAll(SameThreadHierarchicalTestExecutorService.java:38) ~[junit-platform-engine-1.3.2.jar:1.3.2]
	at org.junit.platform.engine.support.hierarchical.NodeTestTask.lambda$executeRecursively$4(NodeTestTask.java:112) ~[junit-platform-engine-1.3.2.jar:1.3.2]
	at org.junit.platform.engine.support.hierarchical.ThrowableCollector.execute(ThrowableCollector.java:72) ~[junit-platform-engine-1.3.2.jar:1.3.2]
	at org.junit.platform.engine.support.hierarchical.NodeTestTask.executeRecursively(NodeTestTask.java:98) ~[junit-platform-engine-1.3.2.jar:1.3.2]
	at org.junit.platform.engine.support.hierarchical.NodeTestTask.execute(NodeTestTask.java:74) ~[junit-platform-engine-1.3.2.jar:1.3.2]
	at java.util.ArrayList.forEach(ArrayList.java:1596) ~[?:?]
	at org.junit.platform.engine.support.hierarchical.SameThreadHierarchicalTestExecutorService.invokeAll(SameThreadHierarchicalTestExecutorService.java:38) ~[junit-platform-engine-1.3.2.jar:1.3.2]
	at org.junit.platform.engine.support.hierarchical.NodeTestTask.lambda$executeRecursively$4(NodeTestTask.java:112) ~[junit-platform-engine-1.3.2.jar:1.3.2]
	at org.junit.platform.engine.support.hierarchical.ThrowableCollector.execute(ThrowableCollector.java:72) ~[junit-platform-engine-1.3.2.jar:1.3.2]
	at org.junit.platform.engine.support.hierarchical.NodeTestTask.executeRecursively(NodeTestTask.java:98) ~[junit-platform-engine-1.3.2.jar:1.3.2]
	at org.junit.platform.engine.support.hierarchical.NodeTestTask.execute(NodeTestTask.java:74) ~[junit-platform-engine-1.3.2.jar:1.3.2]
	at org.junit.platform.engine.support.hierarchical.SameThreadHierarchicalTestExecutorService.submit(SameThreadHierarchicalTestExecutorService.java:32) ~[junit-platform-engine-1.3.2.jar:1.3.2]
	at org.junit.platform.engine.support.hierarchical.HierarchicalTestExecutor.execute(HierarchicalTestExecutor.java:57) ~[junit-platform-engine-1.3.2.jar:1.3.2]
	at org.junit.platform.engine.support.hierarchical.HierarchicalTestEngine.execute(HierarchicalTestEngine.java:51) ~[junit-platform-engine-1.3.2.jar:1.3.2]
	at org.junit.platform.launcher.core.DefaultLauncher.execute(DefaultLauncher.java:220) ~[junit-platform-launcher-1.3.2.jar:1.3.2]
	at org.junit.platform.launcher.core.DefaultLauncher.lambda$execute$6(DefaultLauncher.java:188) ~[junit-platform-launcher-1.3.2.jar:1.3.2]
	at org.junit.platform.launcher.core.DefaultLauncher.withInterceptedStreams(DefaultLauncher.java:202) [junit-platform-launcher-1.3.2.jar:1.3.2]
	at org.junit.platform.launcher.core.DefaultLauncher.execute(DefaultLauncher.java:181) [junit-platform-launcher-1.3.2.jar:1.3.2]
	at org.junit.platform.launcher.core.DefaultLauncher.execute(DefaultLauncher.java:128) [junit-platform-launcher-1.3.2.jar:1.3.2]
	at org.apache.maven.surefire.junitplatform.LauncherAdapter.executeWithoutCancellationToken(LauncherAdapter.java:60) [surefire-junit-platform-3.5.4.jar:3.5.4]
	at org.apache.maven.surefire.junitplatform.LauncherAdapter.execute(LauncherAdapter.java:52) [surefire-junit-platform-3.5.4.jar:3.5.4]
	at org.apache.maven.surefire.junitplatform.JUnitPlatformProvider.execute(JUnitPlatformProvider.java:203) [surefire-junit-platform-3.5.4.jar:3.5.4]
	at org.apache.maven.surefire.junitplatform.JUnitPlatformProvider.invokeAllTests(JUnitPlatformProvider.java:168) [surefire-junit-platform-3.5.4.jar:3.5.4]
	at org.apache.maven.surefire.junitplatform.JUnitPlatformProvider.invoke(JUnitPlatformProvider.java:136) [surefire-junit-platform-3.5.4.jar:3.5.4]
	at org.apache.maven.surefire.booter.ForkedBooter.runSuitesInProcess(ForkedBooter.java:385) [surefire-booter-3.5.4.jar:3.5.4]
	at org.apache.maven.surefire.booter.ForkedBooter.execute(ForkedBooter.java:162) [surefire-booter-3.5.4.jar:3.5.4]
	at org.apache.maven.surefire.booter.ForkedBooter.run(ForkedBooter.java:507) [surefire-booter-3.5.4.jar:3.5.4]
	at org.apache.maven.surefire.booter.ForkedBooter.main(ForkedBooter.java:495) [surefire-booter-3.5.4.jar:3.5.4]
Please select vehicle type from menu
1 CAR
2 BIKE
2025-11-10 11:20:36 INFO  DataBaseTestConfig:19 - Create DB connection
2025-11-10 11:20:36 INFO  DataBaseTestConfig:53 - Closing Result Set
2025-11-10 11:20:36 INFO  DataBaseTestConfig:42 - Closing Prepared Statement
2025-11-10 11:20:36 INFO  DataBaseTestConfig:31 - Closing DB connection
Please type the vehicle registration number and press enter key
2025-11-10 11:20:36 INFO  DataBaseTestConfig:19 - Create DB connection
2025-11-10 11:20:36 INFO  DataBaseTestConfig:42 - Closing Prepared Statement
2025-11-10 11:20:36 INFO  DataBaseTestConfig:31 - Closing DB connection
2025-11-10 11:20:36 INFO  DataBaseTestConfig:19 - Create DB connection
2025-11-10 11:20:36 INFO  DataBaseTestConfig:31 - Closing DB connection
2025-11-10 11:20:36 INFO  DataBaseTestConfig:19 - Create DB connection
2025-11-10 11:20:36 INFO  DataBaseTestConfig:31 - Closing DB connection
Heureux de vous revoir ! En tant qu’utilisateur régulier de notre parking, vous allez obtenir une remise de 5%
Generated Ticket and saved in DB
Please park your vehicle in spot number:2
Recorded in-time for vehicle number:ABCDEF is:Mon Nov 10 11:20:36 CET 2025
2025-11-10 11:20:36 INFO  DataBaseTestConfig:19 - Create DB connection
2025-11-10 11:20:36 INFO  DataBaseTestConfig:53 - Closing Result Set
2025-11-10 11:20:36 INFO  DataBaseTestConfig:42 - Closing Prepared Statement
2025-11-10 11:20:36 INFO  DataBaseTestConfig:31 - Closing DB connection
2025-11-10 11:20:36 INFO  DataBaseTestConfig:19 - Create DB connection
2025-11-10 11:20:36 INFO  DataBaseTestConfig:31 - Closing DB connection
Please type the vehicle registration number and press enter key
2025-11-10 11:20:36 INFO  DataBaseTestConfig:19 - Create DB connection
2025-11-10 11:20:36 INFO  DataBaseTestConfig:53 - Closing Result Set
2025-11-10 11:20:36 INFO  DataBaseTestConfig:42 - Closing Prepared Statement
2025-11-10 11:20:36 INFO  DataBaseTestConfig:31 - Closing DB connection
2025-11-10 11:20:36 INFO  DataBaseTestConfig:19 - Create DB connection
2025-11-10 11:20:36 INFO  DataBaseTestConfig:31 - Closing DB connection
2025-11-10 11:20:36 INFO  DataBaseTestConfig:19 - Create DB connection
2025-11-10 11:20:36 INFO  DataBaseTestConfig:31 - Closing DB connection
2025-11-10 11:20:36 INFO  DataBaseTestConfig:19 - Create DB connection
2025-11-10 11:20:36 INFO  DataBaseTestConfig:42 - Closing Prepared Statement
2025-11-10 11:20:36 INFO  DataBaseTestConfig:31 - Closing DB connection
Please pay the parking fare:1.43
Recorded out-time for vehicle number:ABCDEF is:Mon Nov 10 11:20:36 CET 2025
2025-11-10 11:20:36 INFO  DataBaseTestConfig:19 - Create DB connection
2025-11-10 11:20:36 INFO  DataBaseTestConfig:53 - Closing Result Set
2025-11-10 11:20:36 INFO  DataBaseTestConfig:42 - Closing Prepared Statement
2025-11-10 11:20:36 INFO  DataBaseTestConfig:31 - Closing DB connection
]]></system-out>
  </testcase>
  <testcase name="testParkingLotExit" classname="testParkingLotExit()" time="0.141">
    <system-out><![CDATA[2025-11-10 11:20:36 INFO  DataBaseTestConfig:19 - Create DB connection
2025-11-10 11:20:36 INFO  DataBaseTestConfig:31 - Closing DB connection
Please select vehicle type from menu
1 CAR
2 BIKE
2025-11-10 11:20:36 INFO  DataBaseTestConfig:19 - Create DB connection
2025-11-10 11:20:36 INFO  DataBaseTestConfig:53 - Closing Result Set
2025-11-10 11:20:36 INFO  DataBaseTestConfig:42 - Closing Prepared Statement
2025-11-10 11:20:36 INFO  DataBaseTestConfig:31 - Closing DB connection
Please type the vehicle registration number and press enter key
2025-11-10 11:20:36 INFO  DataBaseTestConfig:19 - Create DB connection
2025-11-10 11:20:36 INFO  DataBaseTestConfig:42 - Closing Prepared Statement
2025-11-10 11:20:36 INFO  DataBaseTestConfig:31 - Closing DB connection
2025-11-10 11:20:36 INFO  DataBaseTestConfig:19 - Create DB connection
2025-11-10 11:20:36 INFO  DataBaseTestConfig:31 - Closing DB connection
2025-11-10 11:20:36 INFO  DataBaseTestConfig:19 - Create DB connection
2025-11-10 11:20:36 INFO  DataBaseTestConfig:31 - Closing DB connection
Generated Ticket and saved in DB
Please park your vehicle in spot number:1
Recorded in-time for vehicle number:ABCDEF is:Mon Nov 10 11:20:36 CET 2025
2025-11-10 11:20:36 INFO  DataBaseTestConfig:19 - Create DB connection
2025-11-10 11:20:36 INFO  DataBaseTestConfig:53 - Closing Result Set
2025-11-10 11:20:36 INFO  DataBaseTestConfig:42 - Closing Prepared Statement
2025-11-10 11:20:36 INFO  DataBaseTestConfig:31 - Closing DB connection
2025-11-10 11:20:36 INFO  DataBaseTestConfig:19 - Create DB connection
2025-11-10 11:20:36 INFO  DataBaseTestConfig:31 - Closing DB connection
Please type the vehicle registration number and press enter key
2025-11-10 11:20:36 INFO  DataBaseTestConfig:19 - Create DB connection
2025-11-10 11:20:36 INFO  DataBaseTestConfig:53 - Closing Result Set
2025-11-10 11:20:36 INFO  DataBaseTestConfig:42 - Closing Prepared Statement
2025-11-10 11:20:36 INFO  DataBaseTestConfig:31 - Closing DB connection
2025-11-10 11:20:36 INFO  DataBaseTestConfig:19 - Create DB connection
2025-11-10 11:20:36 INFO  DataBaseTestConfig:31 - Closing DB connection
2025-11-10 11:20:36 INFO  DataBaseTestConfig:19 - Create DB connection
2025-11-10 11:20:36 INFO  DataBaseTestConfig:31 - Closing DB connection
2025-11-10 11:20:36 INFO  DataBaseTestConfig:19 - Create DB connection
2025-11-10 11:20:36 INFO  DataBaseTestConfig:42 - Closing Prepared Statement
2025-11-10 11:20:36 INFO  DataBaseTestConfig:31 - Closing DB connection
Please pay the parking fare:1.51
Recorded out-time for vehicle number:ABCDEF is:Mon Nov 10 11:20:36 CET 2025
2025-11-10 11:20:36 INFO  DataBaseTestConfig:19 - Create DB connection
2025-11-10 11:20:36 INFO  DataBaseTestConfig:53 - Closing Result Set
2025-11-10 11:20:36 INFO  DataBaseTestConfig:42 - Closing Prepared Statement
2025-11-10 11:20:36 INFO  DataBaseTestConfig:31 - Closing DB connection
]]></system-out>
  </testcase>
  <testcase name="testParkingACar" classname="testParkingACar()" time="0.111">
    <system-out><![CDATA[2025-11-10 11:20:36 INFO  DataBaseTestConfig:19 - Create DB connection
2025-11-10 11:20:36 INFO  DataBaseTestConfig:31 - Closing DB connection
Please select vehicle type from menu
1 CAR
2 BIKE
2025-11-10 11:20:36 INFO  DataBaseTestConfig:19 - Create DB connection
2025-11-10 11:20:36 INFO  DataBaseTestConfig:53 - Closing Result Set
2025-11-10 11:20:36 INFO  DataBaseTestConfig:42 - Closing Prepared Statement
2025-11-10 11:20:36 INFO  DataBaseTestConfig:31 - Closing DB connection
Please type the vehicle registration number and press enter key
2025-11-10 11:20:36 INFO  DataBaseTestConfig:19 - Create DB connection
2025-11-10 11:20:36 INFO  DataBaseTestConfig:42 - Closing Prepared Statement
2025-11-10 11:20:36 INFO  DataBaseTestConfig:31 - Closing DB connection
2025-11-10 11:20:36 INFO  DataBaseTestConfig:19 - Create DB connection
2025-11-10 11:20:36 INFO  DataBaseTestConfig:31 - Closing DB connection
2025-11-10 11:20:36 INFO  DataBaseTestConfig:19 - Create DB connection
2025-11-10 11:20:36 INFO  DataBaseTestConfig:31 - Closing DB connection
Generated Ticket and saved in DB
Please park your vehicle in spot number:1
Recorded in-time for vehicle number:ABCDEF is:Mon Nov 10 11:20:36 CET 2025
2025-11-10 11:20:36 INFO  DataBaseTestConfig:19 - Create DB connection
2025-11-10 11:20:36 INFO  DataBaseTestConfig:53 - Closing Result Set
2025-11-10 11:20:36 INFO  DataBaseTestConfig:42 - Closing Prepared Statement
2025-11-10 11:20:36 INFO  DataBaseTestConfig:31 - Closing DB connection
2025-11-10 11:20:36 INFO  DataBaseTestConfig:19 - Create DB connection
2025-11-10 11:20:36 INFO  DataBaseTestConfig:53 - Closing Result Set
2025-11-10 11:20:36 INFO  DataBaseTestConfig:42 - Closing Prepared Statement
2025-11-10 11:20:36 INFO  DataBaseTestConfig:31 - Closing DB connection
]]></system-out>
  </testcase>
</testsuite>